<?xml version="1.0" encoding="UTF-8"?>
<testsuite xmlns:xsi="http://www.w3.org/2001/XMLSchema-instance" xsi:noNamespaceSchemaLocation="https://maven.apache.org/surefire/maven-surefire-plugin/xsd/surefire-test-report-3.0.xsd" version="3.0" name="TestSuite" time="121.792" tests="2" errors="0" skipped="0" failures="0">
  <properties>
    <property name="sun.desktop" value="windows"/>
    <property name="awt.toolkit" value="sun.awt.windows.WToolkit"/>
    <property name="java.specification.version" value="11"/>
    <property name="webdriver.chrome.driver" value="C:\Users\Vallabhi Rana\Desktop\chromedriver-win64\chromedriver-win64\chromedriver.exe"/>
    <property name="sun.cpu.isalist" value="amd64"/>
    <property name="sun.jnu.encoding" value="Cp1252"/>
    <property name="java.class.path" value="C:\Users\Vallabhi Rana\eclipse-workspace\MU_Site1\target\test-classes;C:\Users\Vallabhi Rana\eclipse-workspace\MU_Site1\target\classes;C:\WINDOWS\system32\config\systemprofile\.m2\repository\junit\junit\4.11\junit-4.11.jar;C:\WINDOWS\system32\config\systemprofile\.m2\repository\org\hamcrest\hamcrest-core\1.3\hamcrest-core-1.3.jar;C:\WINDOWS\system32\config\systemprofile\.m2\repository\org\testng\testng\6.8.5\testng-6.8.5.jar;C:\WINDOWS\system32\config\systemprofile\.m2\repository\org\beanshell\bsh\2.0b4\bsh-2.0b4.jar;C:\WINDOWS\system32\config\systemprofile\.m2\repository\com\beust\jcommander\1.27\jcommander-1.27.jar;C:\WINDOWS\system32\config\systemprofile\.m2\repository\org\yaml\snakeyaml\1.6\snakeyaml-1.6.jar;C:\WINDOWS\system32\config\systemprofile\.m2\repository\org\seleniumhq\selenium\selenium-chrome-driver\4.13.0\selenium-chrome-driver-4.13.0.jar;C:\WINDOWS\system32\config\systemprofile\.m2\repository\com\google\auto\service\auto-service-annotations\1.1.1\auto-service-annotations-1.1.1.jar;C:\WINDOWS\system32\config\systemprofile\.m2\repository\com\google\guava\guava\32.1.2-jre\guava-32.1.2-jre.jar;C:\WINDOWS\system32\config\systemprofile\.m2\repository\com\google\guava\failureaccess\1.0.1\failureaccess-1.0.1.jar;C:\WINDOWS\system32\config\systemprofile\.m2\repository\com\google\guava\listenablefuture\9999.0-empty-to-avoid-conflict-with-guava\listenablefuture-9999.0-empty-to-avoid-conflict-with-guava.jar;C:\WINDOWS\system32\config\systemprofile\.m2\repository\com\google\code\findbugs\jsr305\3.0.2\jsr305-3.0.2.jar;C:\WINDOWS\system32\config\systemprofile\.m2\repository\org\checkerframework\checker-qual\3.33.0\checker-qual-3.33.0.jar;C:\WINDOWS\system32\config\systemprofile\.m2\repository\com\google\errorprone\error_prone_annotations\2.18.0\error_prone_annotations-2.18.0.jar;C:\WINDOWS\system32\config\systemprofile\.m2\repository\com\google\j2objc\j2objc-annotations\2.8\j2objc-annotations-2.8.jar;C:\WINDOWS\system32\config\systemprofile\.m2\repository\org\seleniumhq\selenium\selenium-api\4.13.0\selenium-api-4.13.0.jar;C:\WINDOWS\system32\config\systemprofile\.m2\repository\org\seleniumhq\selenium\selenium-chromium-driver\4.13.0\selenium-chromium-driver-4.13.0.jar;C:\WINDOWS\system32\config\systemprofile\.m2\repository\org\seleniumhq\selenium\selenium-json\4.13.0\selenium-json-4.13.0.jar;C:\WINDOWS\system32\config\systemprofile\.m2\repository\org\seleniumhq\selenium\selenium-manager\4.13.0\selenium-manager-4.13.0.jar;C:\WINDOWS\system32\config\systemprofile\.m2\repository\org\seleniumhq\selenium\selenium-os\4.13.0\selenium-os-4.13.0.jar;C:\WINDOWS\system32\config\systemprofile\.m2\repository\org\seleniumhq\selenium\selenium-remote-driver\4.13.0\selenium-remote-driver-4.13.0.jar;C:\WINDOWS\system32\config\systemprofile\.m2\repository\io\netty\netty-buffer\4.1.96.Final\netty-buffer-4.1.96.Final.jar;C:\WINDOWS\system32\config\systemprofile\.m2\repository\io\netty\netty-codec-http\4.1.96.Final\netty-codec-http-4.1.96.Final.jar;C:\WINDOWS\system32\config\systemprofile\.m2\repository\io\netty\netty-codec\4.1.96.Final\netty-codec-4.1.96.Final.jar;C:\WINDOWS\system32\config\systemprofile\.m2\repository\io\netty\netty-handler\4.1.96.Final\netty-handler-4.1.96.Final.jar;C:\WINDOWS\system32\config\systemprofile\.m2\repository\io\netty\netty-common\4.1.96.Final\netty-common-4.1.96.Final.jar;C:\WINDOWS\system32\config\systemprofile\.m2\repository\io\netty\netty-transport-classes-epoll\4.1.96.Final\netty-transport-classes-epoll-4.1.96.Final.jar;C:\WINDOWS\system32\config\systemprofile\.m2\repository\io\netty\netty-transport-classes-kqueue\4.1.96.Final\netty-transport-classes-kqueue-4.1.96.Final.jar;C:\WINDOWS\system32\config\systemprofile\.m2\repository\io\netty\netty-transport-native-epoll\4.1.96.Final\netty-transport-native-epoll-4.1.96.Final.jar;C:\WINDOWS\system32\config\systemprofile\.m2\repository\io\netty\netty-transport-native-kqueue\4.1.96.Final\netty-transport-native-kqueue-4.1.96.Final.jar;C:\WINDOWS\system32\config\systemprofile\.m2\repository\io\netty\netty-transport-native-unix-common\4.1.96.Final\netty-transport-native-unix-common-4.1.96.Final.jar;C:\WINDOWS\system32\config\systemprofile\.m2\repository\io\netty\netty-transport\4.1.96.Final\netty-transport-4.1.96.Final.jar;C:\WINDOWS\system32\config\systemprofile\.m2\repository\io\netty\netty-resolver\4.1.96.Final\netty-resolver-4.1.96.Final.jar;C:\WINDOWS\system32\config\systemprofile\.m2\repository\io\opentelemetry\opentelemetry-api\1.28.0\opentelemetry-api-1.28.0.jar;C:\WINDOWS\system32\config\systemprofile\.m2\repository\io\opentelemetry\opentelemetry-context\1.28.0\opentelemetry-context-1.28.0.jar;C:\WINDOWS\system32\config\systemprofile\.m2\repository\io\opentelemetry\opentelemetry-exporter-logging\1.28.0\opentelemetry-exporter-logging-1.28.0.jar;C:\WINDOWS\system32\config\systemprofile\.m2\repository\io\opentelemetry\opentelemetry-sdk-metrics\1.28.0\opentelemetry-sdk-metrics-1.28.0.jar;C:\WINDOWS\system32\config\systemprofile\.m2\repository\io\opentelemetry\opentelemetry-extension-incubator\1.28.0-alpha\opentelemetry-extension-incubator-1.28.0-alpha.jar;C:\WINDOWS\system32\config\systemprofile\.m2\repository\io\opentelemetry\opentelemetry-sdk-logs\1.28.0\opentelemetry-sdk-logs-1.28.0.jar;C:\WINDOWS\system32\config\systemprofile\.m2\repository\io\opentelemetry\opentelemetry-sdk-common\1.28.0\opentelemetry-sdk-common-1.28.0.jar;C:\WINDOWS\system32\config\systemprofile\.m2\repository\io\opentelemetry\opentelemetry-sdk-extension-autoconfigure-spi\1.28.0\opentelemetry-sdk-extension-autoconfigure-spi-1.28.0.jar;C:\WINDOWS\system32\config\systemprofile\.m2\repository\io\opentelemetry\opentelemetry-sdk-extension-autoconfigure\1.28.0\opentelemetry-sdk-extension-autoconfigure-1.28.0.jar;C:\WINDOWS\system32\config\systemprofile\.m2\repository\io\opentelemetry\opentelemetry-api-events\1.28.0-alpha\opentelemetry-api-events-1.28.0-alpha.jar;C:\WINDOWS\system32\config\systemprofile\.m2\repository\io\opentelemetry\opentelemetry-sdk-trace\1.28.0\opentelemetry-sdk-trace-1.28.0.jar;C:\WINDOWS\system32\config\systemprofile\.m2\repository\io\opentelemetry\opentelemetry-sdk\1.28.0\opentelemetry-sdk-1.28.0.jar;C:\WINDOWS\system32\config\systemprofile\.m2\repository\io\opentelemetry\opentelemetry-semconv\1.28.0-alpha\opentelemetry-semconv-1.28.0-alpha.jar;C:\WINDOWS\system32\config\systemprofile\.m2\repository\org\asynchttpclient\async-http-client\2.12.3\async-http-client-2.12.3.jar;C:\WINDOWS\system32\config\systemprofile\.m2\repository\org\asynchttpclient\async-http-client-netty-utils\2.12.3\async-http-client-netty-utils-2.12.3.jar;C:\WINDOWS\system32\config\systemprofile\.m2\repository\io\netty\netty-codec-socks\4.1.60.Final\netty-codec-socks-4.1.60.Final.jar;C:\WINDOWS\system32\config\systemprofile\.m2\repository\io\netty\netty-handler-proxy\4.1.60.Final\netty-handler-proxy-4.1.60.Final.jar;C:\WINDOWS\system32\config\systemprofile\.m2\repository\io\netty\netty-transport-native-epoll\4.1.60.Final\netty-transport-native-epoll-4.1.60.Final-linux-x86_64.jar;C:\WINDOWS\system32\config\systemprofile\.m2\repository\io\netty\netty-transport-native-kqueue\4.1.60.Final\netty-transport-native-kqueue-4.1.60.Final-osx-x86_64.jar;C:\WINDOWS\system32\config\systemprofile\.m2\repository\org\reactivestreams\reactive-streams\1.0.3\reactive-streams-1.0.3.jar;C:\WINDOWS\system32\config\systemprofile\.m2\repository\com\typesafe\netty\netty-reactive-streams\2.0.4\netty-reactive-streams-2.0.4.jar;C:\WINDOWS\system32\config\systemprofile\.m2\repository\org\slf4j\slf4j-api\1.7.30\slf4j-api-1.7.30.jar;C:\WINDOWS\system32\config\systemprofile\.m2\repository\com\sun\activation\jakarta.activation\1.2.2\jakarta.activation-1.2.2.jar;C:\WINDOWS\system32\config\systemprofile\.m2\repository\org\seleniumhq\selenium\selenium-http\4.13.0\selenium-http-4.13.0.jar;C:\WINDOWS\system32\config\systemprofile\.m2\repository\dev\failsafe\failsafe\3.3.2\failsafe-3.3.2.jar;C:\WINDOWS\system32\config\systemprofile\.m2\repository\org\eclipse\jdt\org.eclipse.jdt.annotation\2.2.700\org.eclipse.jdt.annotation-2.2.700.jar;C:\WINDOWS\system32\config\systemprofile\.m2\repository\org\eclipse\platform\org.eclipse.core.runtime\3.29.0\org.eclipse.core.runtime-3.29.0.jar;C:\WINDOWS\system32\config\systemprofile\.m2\repository\org\eclipse\platform\org.eclipse.osgi\3.18.500\org.eclipse.osgi-3.18.500.jar;C:\WINDOWS\system32\config\systemprofile\.m2\repository\org\eclipse\platform\org.eclipse.equinox.common\3.18.100\org.eclipse.equinox.common-3.18.100.jar;C:\WINDOWS\system32\config\systemprofile\.m2\repository\org\eclipse\platform\org.eclipse.core.jobs\3.15.0\org.eclipse.core.jobs-3.15.0.jar;C:\WINDOWS\system32\config\systemprofile\.m2\repository\org\eclipse\platform\org.eclipse.equinox.registry\3.11.300\org.eclipse.equinox.registry-3.11.300.jar;C:\WINDOWS\system32\config\systemprofile\.m2\repository\org\eclipse\platform\org.eclipse.equinox.preferences\3.10.300\org.eclipse.equinox.preferences-3.10.300.jar;C:\WINDOWS\system32\config\systemprofile\.m2\repository\org\osgi\org.osgi.service.prefs\1.1.2\org.osgi.service.prefs-1.1.2.jar;C:\WINDOWS\system32\config\systemprofile\.m2\repository\org\osgi\osgi.annotation\8.0.1\osgi.annotation-8.0.1.jar;C:\WINDOWS\system32\config\systemprofile\.m2\repository\org\eclipse\platform\org.eclipse.core.contenttype\3.9.100\org.eclipse.core.contenttype-3.9.100.jar;C:\WINDOWS\system32\config\systemprofile\.m2\repository\org\eclipse\platform\org.eclipse.equinox.app\1.6.300\org.eclipse.equinox.app-1.6.300.jar;C:\WINDOWS\system32\config\systemprofile\.m2\repository\org\seleniumhq\selenium\selenium-java\3.141.59\selenium-java-3.141.59.jar;C:\WINDOWS\system32\config\systemprofile\.m2\repository\org\seleniumhq\selenium\selenium-edge-driver\3.141.59\selenium-edge-driver-3.141.59.jar;C:\WINDOWS\system32\config\systemprofile\.m2\repository\org\seleniumhq\selenium\selenium-firefox-driver\3.141.59\selenium-firefox-driver-3.141.59.jar;C:\WINDOWS\system32\config\systemprofile\.m2\repository\org\seleniumhq\selenium\selenium-ie-driver\3.141.59\selenium-ie-driver-3.141.59.jar;C:\WINDOWS\system32\config\systemprofile\.m2\repository\org\seleniumhq\selenium\selenium-opera-driver\3.141.59\selenium-opera-driver-3.141.59.jar;C:\WINDOWS\system32\config\systemprofile\.m2\repository\org\seleniumhq\selenium\selenium-safari-driver\3.141.59\selenium-safari-driver-3.141.59.jar;C:\WINDOWS\system32\config\systemprofile\.m2\repository\org\seleniumhq\selenium\selenium-support\3.141.59\selenium-support-3.141.59.jar;C:\WINDOWS\system32\config\systemprofile\.m2\repository\net\bytebuddy\byte-buddy\1.8.15\byte-buddy-1.8.15.jar;C:\WINDOWS\system32\config\systemprofile\.m2\repository\org\apache\commons\commons-exec\1.3\commons-exec-1.3.jar;C:\WINDOWS\system32\config\systemprofile\.m2\repository\com\squareup\okhttp3\okhttp\3.11.0\okhttp-3.11.0.jar;C:\WINDOWS\system32\config\systemprofile\.m2\repository\com\squareup\okio\okio\1.14.0\okio-1.14.0.jar;C:\WINDOWS\system32\config\systemprofile\.m2\repository\org\eclipse\platform\org.eclipse.ui\3.204.0\org.eclipse.ui-3.204.0.jar;C:\WINDOWS\system32\config\systemprofile\.m2\repository\org\eclipse\platform\org.eclipse.swt\3.124.100\org.eclipse.swt-3.124.100.jar;C:\WINDOWS\system32\config\systemprofile\.m2\repository\org\eclipse\platform\org.eclipse.jface\3.31.0\org.eclipse.jface-3.31.0.jar;C:\WINDOWS\system32\config\systemprofile\.m2\repository\org\eclipse\platform\org.eclipse.core.commands\3.11.100\org.eclipse.core.commands-3.11.100.jar;C:\WINDOWS\system32\config\systemprofile\.m2\repository\org\eclipse\platform\org.eclipse.ui.workbench\3.130.0\org.eclipse.ui.workbench-3.130.0.jar;C:\WINDOWS\system32\config\systemprofile\.m2\repository\org\eclipse\platform\org.eclipse.help\3.10.100\org.eclipse.help-3.10.100.jar;C:\WINDOWS\system32\config\systemprofile\.m2\repository\org\eclipse\platform\org.eclipse.jface.databinding\1.15.100\org.eclipse.jface.databinding-1.15.100.jar;C:\WINDOWS\system32\config\systemprofile\.m2\repository\org\eclipse\platform\org.eclipse.core.databinding\1.13.100\org.eclipse.core.databinding-1.13.100.jar;C:\WINDOWS\system32\config\systemprofile\.m2\repository\org\eclipse\platform\org.eclipse.core.databinding.property\1.10.100\org.eclipse.core.databinding.property-1.10.100.jar;C:\WINDOWS\system32\config\systemprofile\.m2\repository\org\eclipse\platform\org.eclipse.core.databinding.observable\1.13.100\org.eclipse.core.databinding.observable-1.13.100.jar;C:\WINDOWS\system32\config\systemprofile\.m2\repository\org\eclipse\platform\org.eclipse.e4.core.services\2.4.100\org.eclipse.e4.core.services-2.4.100.jar;C:\WINDOWS\system32\config\systemprofile\.m2\repository\org\eclipse\platform\org.eclipse.e4.core.contexts\1.12.100\org.eclipse.e4.core.contexts-1.12.100.jar;C:\WINDOWS\system32\config\systemprofile\.m2\repository\org\eclipse\platform\org.eclipse.e4.core.di\1.9.100\org.eclipse.e4.core.di-1.9.100.jar;C:\WINDOWS\system32\config\systemprofile\.m2\repository\org\eclipse\platform\org.eclipse.e4.core.di.annotations\1.8.100\org.eclipse.e4.core.di.annotations-1.8.100.jar;C:\WINDOWS\system32\config\systemprofile\.m2\repository\org\eclipse\platform\org.eclipse.e4.ui.workbench.swt\0.17.100\org.eclipse.e4.ui.workbench.swt-0.17.100.jar;C:\WINDOWS\system32\config\systemprofile\.m2\repository\org\eclipse\platform\org.eclipse.e4.ui.dialogs\1.4.100\org.eclipse.e4.ui.dialogs-1.4.100.jar;C:\WINDOWS\system32\config\systemprofile\.m2\repository\org\eclipse\platform\org.eclipse.e4.ui.css.core\0.14.100\org.eclipse.e4.ui.css.core-0.14.100.jar;C:\WINDOWS\system32\config\systemprofile\.m2\repository\org\apache\xmlgraphics\batik-css\1.16\batik-css-1.16.jar;C:\WINDOWS\system32\config\systemprofile\.m2\repository\org\apache\xmlgraphics\batik-shared-resources\1.16\batik-shared-resources-1.16.jar;C:\WINDOWS\system32\config\systemprofile\.m2\repository\org\apache\xmlgraphics\batik-util\1.16\batik-util-1.16.jar;C:\WINDOWS\system32\config\systemprofile\.m2\repository\org\apache\xmlgraphics\batik-constants\1.16\batik-constants-1.16.jar;C:\WINDOWS\system32\config\systemprofile\.m2\repository\org\apache\xmlgraphics\batik-i18n\1.16\batik-i18n-1.16.jar;C:\WINDOWS\system32\config\systemprofile\.m2\repository\org\apache\xmlgraphics\xmlgraphics-commons\2.7\xmlgraphics-commons-2.7.jar;C:\WINDOWS\system32\config\systemprofile\.m2\repository\commons-logging\commons-logging\1.0.4\commons-logging-1.0.4.jar;C:\WINDOWS\system32\config\systemprofile\.m2\repository\xml-apis\xml-apis-ext\1.3.04\xml-apis-ext-1.3.04.jar;C:\WINDOWS\system32\config\systemprofile\.m2\repository\org\eclipse\platform\org.eclipse.e4.ui.widgets\1.4.0\org.eclipse.e4.ui.widgets-1.4.0.jar;C:\WINDOWS\system32\config\systemprofile\.m2\repository\org\eclipse\platform\org.eclipse.urischeme\1.3.100\org.eclipse.urischeme-1.3.100.jar;C:\WINDOWS\system32\config\systemprofile\.m2\repository\net\java\dev\jna\jna\5.13.0\jna-5.13.0.jar;C:\WINDOWS\system32\config\systemprofile\.m2\repository\net\java\dev\jna\jna-platform\5.13.0\jna-platform-5.13.0.jar;C:\WINDOWS\system32\config\systemprofile\.m2\repository\org\eclipse\platform\org.eclipse.e4.ui.di\1.5.100\org.eclipse.e4.ui.di-1.5.100.jar;C:\WINDOWS\system32\config\systemprofile\.m2\repository\org\eclipse\platform\org.eclipse.e4.core.di.extensions.supplier\0.17.100\org.eclipse.e4.core.di.extensions.supplier-0.17.100.jar;C:\WINDOWS\system32\config\systemprofile\.m2\repository\org\eclipse\platform\org.eclipse.e4.ui.model.workbench\2.4.100\org.eclipse.e4.ui.model.workbench-2.4.100.jar;C:\WINDOWS\system32\config\systemprofile\.m2\repository\org\eclipse\emf\org.eclipse.emf.ecore\2.35.0\org.eclipse.emf.ecore-2.35.0.jar;C:\WINDOWS\system32\config\systemprofile\.m2\repository\org\eclipse\emf\org.eclipse.emf.common\2.29.0\org.eclipse.emf.common-2.29.0.jar;C:\WINDOWS\system32\config\systemprofile\.m2\repository\org\eclipse\platform\org.eclipse.e4.emf.xpath\0.4.100\org.eclipse.e4.emf.xpath-0.4.100.jar;C:\WINDOWS\system32\config\systemprofile\.m2\repository\commons-jxpath\commons-jxpath\1.3\commons-jxpath-1.3.jar;C:\WINDOWS\system32\config\systemprofile\.m2\repository\org\eclipse\platform\org.eclipse.e4.ui.css.swt.theme\0.14.100\org.eclipse.e4.ui.css.swt.theme-0.14.100.jar;C:\WINDOWS\system32\config\systemprofile\.m2\repository\org\eclipse\birt\runtime\org.w3c.css.sac\1.3.1.v200903091627\org.w3c.css.sac-1.3.1.v200903091627.jar;C:\WINDOWS\system32\config\systemprofile\.m2\repository\org\eclipse\platform\org.eclipse.e4.ui.bindings\0.14.100\org.eclipse.e4.ui.bindings-0.14.100.jar;C:\WINDOWS\system32\config\systemprofile\.m2\repository\org\eclipse\platform\org.eclipse.e4.ui.css.swt\0.15.100\org.eclipse.e4.ui.css.swt-0.15.100.jar;C:\WINDOWS\system32\config\systemprofile\.m2\repository\org\eclipse\platform\org.eclipse.e4.ui.workbench3\0.17.100\org.eclipse.e4.ui.workbench3-0.17.100.jar;C:\WINDOWS\system32\config\systemprofile\.m2\repository\org\eclipse\platform\org.eclipse.e4.ui.workbench.addons.swt\1.5.100\org.eclipse.e4.ui.workbench.addons.swt-1.5.100.jar;C:\WINDOWS\system32\config\systemprofile\.m2\repository\org\eclipse\platform\org.eclipse.e4.ui.services\1.6.100\org.eclipse.e4.ui.services-1.6.100.jar;C:\WINDOWS\system32\config\systemprofile\.m2\repository\org\eclipse\emf\org.eclipse.emf.ecore.xmi\2.35.0\org.eclipse.emf.ecore.xmi-2.35.0.jar;C:\WINDOWS\system32\config\systemprofile\.m2\repository\org\eclipse\platform\org.eclipse.e4.core.di.extensions\0.18.0\org.eclipse.e4.core.di.extensions-0.18.0.jar;C:\WINDOWS\system32\config\systemprofile\.m2\repository\com\ibm\icu\icu4j\73.2\icu4j-73.2.jar;C:\WINDOWS\system32\config\systemprofile\.m2\repository\jakarta\annotation\jakarta.annotation-api\1.3.5\jakarta.annotation-api-1.3.5.jar;C:\WINDOWS\system32\config\systemprofile\.m2\repository\jakarta\inject\jakarta.inject-api\1.0.5\jakarta.inject-api-1.0.5.jar;C:\WINDOWS\system32\config\systemprofile\.m2\repository\org\eclipse\platform\org.eclipse.e4.core.commands\1.1.100\org.eclipse.e4.core.commands-1.1.100.jar;C:\WINDOWS\system32\config\systemprofile\.m2\repository\org\eclipse\platform\org.eclipse.e4.ui.workbench\1.15.100\org.eclipse.e4.ui.workbench-1.15.100.jar;C:\WINDOWS\system32\config\systemprofile\.m2\repository\org\eclipse\emf\org.eclipse.emf.ecore.change\2.15.0\org.eclipse.emf.ecore.change-2.15.0.jar;C:\WINDOWS\system32\config\systemprofile\.m2\repository\org\eclipse\platform\org.eclipse.e4.ui.workbench.renderers.swt\0.16.100\org.eclipse.e4.ui.workbench.renderers.swt-0.16.100.jar;C:\WINDOWS\system32\config\systemprofile\.m2\repository\org\osgi\org.osgi.service.event\1.4.1\org.osgi.service.event-1.4.1.jar;C:\WINDOWS\system32\config\systemprofile\.m2\repository\org\osgi\org.osgi.namespace.implementation\1.0.0\org.osgi.namespace.implementation-1.0.0.jar;C:\WINDOWS\system32\config\systemprofile\.m2\repository\org\eclipse\platform\org.eclipse.core.expressions\3.9.100\org.eclipse.core.expressions-3.9.100.jar;C:\WINDOWS\system32\config\systemprofile\.m2\repository\org\apache\maven\plugins\maven-compiler-plugin\3.11.0\maven-compiler-plugin-3.11.0.jar;C:\WINDOWS\system32\config\systemprofile\.m2\repository\org\apache\maven\shared\maven-shared-utils\3.3.4\maven-shared-utils-3.3.4.jar;C:\WINDOWS\system32\config\systemprofile\.m2\repository\commons-io\commons-io\2.6\commons-io-2.6.jar;C:\WINDOWS\system32\config\systemprofile\.m2\repository\org\apache\maven\shared\maven-shared-incremental\1.1\maven-shared-incremental-1.1.jar;C:\WINDOWS\system32\config\systemprofile\.m2\repository\org\codehaus\plexus\plexus-component-annotations\1.5.5\plexus-component-annotations-1.5.5.jar;C:\WINDOWS\system32\config\systemprofile\.m2\repository\org\codehaus\plexus\plexus-java\1.1.2\plexus-java-1.1.2.jar;C:\WINDOWS\system32\config\systemprofile\.m2\repository\org\ow2\asm\asm\9.4\asm-9.4.jar;C:\WINDOWS\system32\config\systemprofile\.m2\repository\com\thoughtworks\qdox\qdox\2.0.3\qdox-2.0.3.jar;C:\WINDOWS\system32\config\systemprofile\.m2\repository\org\codehaus\plexus\plexus-compiler-api\2.13.0\plexus-compiler-api-2.13.0.jar;C:\WINDOWS\system32\config\systemprofile\.m2\repository\org\codehaus\plexus\plexus-utils\3.4.2\plexus-utils-3.4.2.jar;C:\WINDOWS\system32\config\systemprofile\.m2\repository\org\codehaus\plexus\plexus-compiler-manager\2.13.0\plexus-compiler-manager-2.13.0.jar;C:\WINDOWS\system32\config\systemprofile\.m2\repository\org\codehaus\plexus\plexus-compiler-javac\2.13.0\plexus-compiler-javac-2.13.0.jar;"/>
    <property name="java.vm.vendor" value="Oracle Corporation"/>
    <property name="sun.arch.data.model" value="64"/>
    <property name="user.variant" value=""/>
    <property name="java.vendor.url" value="https://openjdk.java.net/"/>
    <property name="user.timezone" value="Asia/Calcutta"/>
    <property name="java.vm.specification.version" value="11"/>
    <property name="os.name" value="Windows 11"/>
    <property name="sun.java.launcher" value="SUN_STANDARD"/>
    <property name="user.country" value="IN"/>
    <property name="sun.boot.library.path" value="C:\Program Files\Java\jdk-11\bin"/>
    <property name="sun.java.command" value="C:\Windows\Temp\surefire6431540989368938029\surefirebooter-20231015004651721_3.jar C:\Windows\Temp\surefire6431540989368938029 2023-10-15T00-46-50_736-jvmRun1 surefire-20231015004651721_1tmp surefire_0-20231015004651721_2tmp"/>
    <property name="jdk.debug" value="release"/>
    <property name="surefire.test.class.path" value="C:\Users\Vallabhi Rana\eclipse-workspace\MU_Site1\target\test-classes;C:\Users\Vallabhi Rana\eclipse-workspace\MU_Site1\target\classes;C:\WINDOWS\system32\config\systemprofile\.m2\repository\junit\junit\4.11\junit-4.11.jar;C:\WINDOWS\system32\config\systemprofile\.m2\repository\org\hamcrest\hamcrest-core\1.3\hamcrest-core-1.3.jar;C:\WINDOWS\system32\config\systemprofile\.m2\repository\org\testng\testng\6.8.5\testng-6.8.5.jar;C:\WINDOWS\system32\config\systemprofile\.m2\repository\org\beanshell\bsh\2.0b4\bsh-2.0b4.jar;C:\WINDOWS\system32\config\systemprofile\.m2\repository\com\beust\jcommander\1.27\jcommander-1.27.jar;C:\WINDOWS\system32\config\systemprofile\.m2\repository\org\yaml\snakeyaml\1.6\snakeyaml-1.6.jar;C:\WINDOWS\system32\config\systemprofile\.m2\repository\org\seleniumhq\selenium\selenium-chrome-driver\4.13.0\selenium-chrome-driver-4.13.0.jar;C:\WINDOWS\system32\config\systemprofile\.m2\repository\com\google\auto\service\auto-service-annotations\1.1.1\auto-service-annotations-1.1.1.jar;C:\WINDOWS\system32\config\systemprofile\.m2\repository\com\google\guava\guava\32.1.2-jre\guava-32.1.2-jre.jar;C:\WINDOWS\system32\config\systemprofile\.m2\repository\com\google\guava\failureaccess\1.0.1\failureaccess-1.0.1.jar;C:\WINDOWS\system32\config\systemprofile\.m2\repository\com\google\guava\listenablefuture\9999.0-empty-to-avoid-conflict-with-guava\listenablefuture-9999.0-empty-to-avoid-conflict-with-guava.jar;C:\WINDOWS\system32\config\systemprofile\.m2\repository\com\google\code\findbugs\jsr305\3.0.2\jsr305-3.0.2.jar;C:\WINDOWS\system32\config\systemprofile\.m2\repository\org\checkerframework\checker-qual\3.33.0\checker-qual-3.33.0.jar;C:\WINDOWS\system32\config\systemprofile\.m2\repository\com\google\errorprone\error_prone_annotations\2.18.0\error_prone_annotations-2.18.0.jar;C:\WINDOWS\system32\config\systemprofile\.m2\repository\com\google\j2objc\j2objc-annotations\2.8\j2objc-annotations-2.8.jar;C:\WINDOWS\system32\config\systemprofile\.m2\repository\org\seleniumhq\selenium\selenium-api\4.13.0\selenium-api-4.13.0.jar;C:\WINDOWS\system32\config\systemprofile\.m2\repository\org\seleniumhq\selenium\selenium-chromium-driver\4.13.0\selenium-chromium-driver-4.13.0.jar;C:\WINDOWS\system32\config\systemprofile\.m2\repository\org\seleniumhq\selenium\selenium-json\4.13.0\selenium-json-4.13.0.jar;C:\WINDOWS\system32\config\systemprofile\.m2\repository\org\seleniumhq\selenium\selenium-manager\4.13.0\selenium-manager-4.13.0.jar;C:\WINDOWS\system32\config\systemprofile\.m2\repository\org\seleniumhq\selenium\selenium-os\4.13.0\selenium-os-4.13.0.jar;C:\WINDOWS\system32\config\systemprofile\.m2\repository\org\seleniumhq\selenium\selenium-remote-driver\4.13.0\selenium-remote-driver-4.13.0.jar;C:\WINDOWS\system32\config\systemprofile\.m2\repository\io\netty\netty-buffer\4.1.96.Final\netty-buffer-4.1.96.Final.jar;C:\WINDOWS\system32\config\systemprofile\.m2\repository\io\netty\netty-codec-http\4.1.96.Final\netty-codec-http-4.1.96.Final.jar;C:\WINDOWS\system32\config\systemprofile\.m2\repository\io\netty\netty-codec\4.1.96.Final\netty-codec-4.1.96.Final.jar;C:\WINDOWS\system32\config\systemprofile\.m2\repository\io\netty\netty-handler\4.1.96.Final\netty-handler-4.1.96.Final.jar;C:\WINDOWS\system32\config\systemprofile\.m2\repository\io\netty\netty-common\4.1.96.Final\netty-common-4.1.96.Final.jar;C:\WINDOWS\system32\config\systemprofile\.m2\repository\io\netty\netty-transport-classes-epoll\4.1.96.Final\netty-transport-classes-epoll-4.1.96.Final.jar;C:\WINDOWS\system32\config\systemprofile\.m2\repository\io\netty\netty-transport-classes-kqueue\4.1.96.Final\netty-transport-classes-kqueue-4.1.96.Final.jar;C:\WINDOWS\system32\config\systemprofile\.m2\repository\io\netty\netty-transport-native-epoll\4.1.96.Final\netty-transport-native-epoll-4.1.96.Final.jar;C:\WINDOWS\system32\config\systemprofile\.m2\repository\io\netty\netty-transport-native-kqueue\4.1.96.Final\netty-transport-native-kqueue-4.1.96.Final.jar;C:\WINDOWS\system32\config\systemprofile\.m2\repository\io\netty\netty-transport-native-unix-common\4.1.96.Final\netty-transport-native-unix-common-4.1.96.Final.jar;C:\WINDOWS\system32\config\systemprofile\.m2\repository\io\netty\netty-transport\4.1.96.Final\netty-transport-4.1.96.Final.jar;C:\WINDOWS\system32\config\systemprofile\.m2\repository\io\netty\netty-resolver\4.1.96.Final\netty-resolver-4.1.96.Final.jar;C:\WINDOWS\system32\config\systemprofile\.m2\repository\io\opentelemetry\opentelemetry-api\1.28.0\opentelemetry-api-1.28.0.jar;C:\WINDOWS\system32\config\systemprofile\.m2\repository\io\opentelemetry\opentelemetry-context\1.28.0\opentelemetry-context-1.28.0.jar;C:\WINDOWS\system32\config\systemprofile\.m2\repository\io\opentelemetry\opentelemetry-exporter-logging\1.28.0\opentelemetry-exporter-logging-1.28.0.jar;C:\WINDOWS\system32\config\systemprofile\.m2\repository\io\opentelemetry\opentelemetry-sdk-metrics\1.28.0\opentelemetry-sdk-metrics-1.28.0.jar;C:\WINDOWS\system32\config\systemprofile\.m2\repository\io\opentelemetry\opentelemetry-extension-incubator\1.28.0-alpha\opentelemetry-extension-incubator-1.28.0-alpha.jar;C:\WINDOWS\system32\config\systemprofile\.m2\repository\io\opentelemetry\opentelemetry-sdk-logs\1.28.0\opentelemetry-sdk-logs-1.28.0.jar;C:\WINDOWS\system32\config\systemprofile\.m2\repository\io\opentelemetry\opentelemetry-sdk-common\1.28.0\opentelemetry-sdk-common-1.28.0.jar;C:\WINDOWS\system32\config\systemprofile\.m2\repository\io\opentelemetry\opentelemetry-sdk-extension-autoconfigure-spi\1.28.0\opentelemetry-sdk-extension-autoconfigure-spi-1.28.0.jar;C:\WINDOWS\system32\config\systemprofile\.m2\repository\io\opentelemetry\opentelemetry-sdk-extension-autoconfigure\1.28.0\opentelemetry-sdk-extension-autoconfigure-1.28.0.jar;C:\WINDOWS\system32\config\systemprofile\.m2\repository\io\opentelemetry\opentelemetry-api-events\1.28.0-alpha\opentelemetry-api-events-1.28.0-alpha.jar;C:\WINDOWS\system32\config\systemprofile\.m2\repository\io\opentelemetry\opentelemetry-sdk-trace\1.28.0\opentelemetry-sdk-trace-1.28.0.jar;C:\WINDOWS\system32\config\systemprofile\.m2\repository\io\opentelemetry\opentelemetry-sdk\1.28.0\opentelemetry-sdk-1.28.0.jar;C:\WINDOWS\system32\config\systemprofile\.m2\repository\io\opentelemetry\opentelemetry-semconv\1.28.0-alpha\opentelemetry-semconv-1.28.0-alpha.jar;C:\WINDOWS\system32\config\systemprofile\.m2\repository\org\asynchttpclient\async-http-client\2.12.3\async-http-client-2.12.3.jar;C:\WINDOWS\system32\config\systemprofile\.m2\repository\org\asynchttpclient\async-http-client-netty-utils\2.12.3\async-http-client-netty-utils-2.12.3.jar;C:\WINDOWS\system32\config\systemprofile\.m2\repository\io\netty\netty-codec-socks\4.1.60.Final\netty-codec-socks-4.1.60.Final.jar;C:\WINDOWS\system32\config\systemprofile\.m2\repository\io\netty\netty-handler-proxy\4.1.60.Final\netty-handler-proxy-4.1.60.Final.jar;C:\WINDOWS\system32\config\systemprofile\.m2\repository\io\netty\netty-transport-native-epoll\4.1.60.Final\netty-transport-native-epoll-4.1.60.Final-linux-x86_64.jar;C:\WINDOWS\system32\config\systemprofile\.m2\repository\io\netty\netty-transport-native-kqueue\4.1.60.Final\netty-transport-native-kqueue-4.1.60.Final-osx-x86_64.jar;C:\WINDOWS\system32\config\systemprofile\.m2\repository\org\reactivestreams\reactive-streams\1.0.3\reactive-streams-1.0.3.jar;C:\WINDOWS\system32\config\systemprofile\.m2\repository\com\typesafe\netty\netty-reactive-streams\2.0.4\netty-reactive-streams-2.0.4.jar;C:\WINDOWS\system32\config\systemprofile\.m2\repository\org\slf4j\slf4j-api\1.7.30\slf4j-api-1.7.30.jar;C:\WINDOWS\system32\config\systemprofile\.m2\repository\com\sun\activation\jakarta.activation\1.2.2\jakarta.activation-1.2.2.jar;C:\WINDOWS\system32\config\systemprofile\.m2\repository\org\seleniumhq\selenium\selenium-http\4.13.0\selenium-http-4.13.0.jar;C:\WINDOWS\system32\config\systemprofile\.m2\repository\dev\failsafe\failsafe\3.3.2\failsafe-3.3.2.jar;C:\WINDOWS\system32\config\systemprofile\.m2\repository\org\eclipse\jdt\org.eclipse.jdt.annotation\2.2.700\org.eclipse.jdt.annotation-2.2.700.jar;C:\WINDOWS\system32\config\systemprofile\.m2\repository\org\eclipse\platform\org.eclipse.core.runtime\3.29.0\org.eclipse.core.runtime-3.29.0.jar;C:\WINDOWS\system32\config\systemprofile\.m2\repository\org\eclipse\platform\org.eclipse.osgi\3.18.500\org.eclipse.osgi-3.18.500.jar;C:\WINDOWS\system32\config\systemprofile\.m2\repository\org\eclipse\platform\org.eclipse.equinox.common\3.18.100\org.eclipse.equinox.common-3.18.100.jar;C:\WINDOWS\system32\config\systemprofile\.m2\repository\org\eclipse\platform\org.eclipse.core.jobs\3.15.0\org.eclipse.core.jobs-3.15.0.jar;C:\WINDOWS\system32\config\systemprofile\.m2\repository\org\eclipse\platform\org.eclipse.equinox.registry\3.11.300\org.eclipse.equinox.registry-3.11.300.jar;C:\WINDOWS\system32\config\systemprofile\.m2\repository\org\eclipse\platform\org.eclipse.equinox.preferences\3.10.300\org.eclipse.equinox.preferences-3.10.300.jar;C:\WINDOWS\system32\config\systemprofile\.m2\repository\org\osgi\org.osgi.service.prefs\1.1.2\org.osgi.service.prefs-1.1.2.jar;C:\WINDOWS\system32\config\systemprofile\.m2\repository\org\osgi\osgi.annotation\8.0.1\osgi.annotation-8.0.1.jar;C:\WINDOWS\system32\config\systemprofile\.m2\repository\org\eclipse\platform\org.eclipse.core.contenttype\3.9.100\org.eclipse.core.contenttype-3.9.100.jar;C:\WINDOWS\system32\config\systemprofile\.m2\repository\org\eclipse\platform\org.eclipse.equinox.app\1.6.300\org.eclipse.equinox.app-1.6.300.jar;C:\WINDOWS\system32\config\systemprofile\.m2\repository\org\seleniumhq\selenium\selenium-java\3.141.59\selenium-java-3.141.59.jar;C:\WINDOWS\system32\config\systemprofile\.m2\repository\org\seleniumhq\selenium\selenium-edge-driver\3.141.59\selenium-edge-driver-3.141.59.jar;C:\WINDOWS\system32\config\systemprofile\.m2\repository\org\seleniumhq\selenium\selenium-firefox-driver\3.141.59\selenium-firefox-driver-3.141.59.jar;C:\WINDOWS\system32\config\systemprofile\.m2\repository\org\seleniumhq\selenium\selenium-ie-driver\3.141.59\selenium-ie-driver-3.141.59.jar;C:\WINDOWS\system32\config\systemprofile\.m2\repository\org\seleniumhq\selenium\selenium-opera-driver\3.141.59\selenium-opera-driver-3.141.59.jar;C:\WINDOWS\system32\config\systemprofile\.m2\repository\org\seleniumhq\selenium\selenium-safari-driver\3.141.59\selenium-safari-driver-3.141.59.jar;C:\WINDOWS\system32\config\systemprofile\.m2\repository\org\seleniumhq\selenium\selenium-support\3.141.59\selenium-support-3.141.59.jar;C:\WINDOWS\system32\config\systemprofile\.m2\repository\net\bytebuddy\byte-buddy\1.8.15\byte-buddy-1.8.15.jar;C:\WINDOWS\system32\config\systemprofile\.m2\repository\org\apache\commons\commons-exec\1.3\commons-exec-1.3.jar;C:\WINDOWS\system32\config\systemprofile\.m2\repository\com\squareup\okhttp3\okhttp\3.11.0\okhttp-3.11.0.jar;C:\WINDOWS\system32\config\systemprofile\.m2\repository\com\squareup\okio\okio\1.14.0\okio-1.14.0.jar;C:\WINDOWS\system32\config\systemprofile\.m2\repository\org\eclipse\platform\org.eclipse.ui\3.204.0\org.eclipse.ui-3.204.0.jar;C:\WINDOWS\system32\config\systemprofile\.m2\repository\org\eclipse\platform\org.eclipse.swt\3.124.100\org.eclipse.swt-3.124.100.jar;C:\WINDOWS\system32\config\systemprofile\.m2\repository\org\eclipse\platform\org.eclipse.jface\3.31.0\org.eclipse.jface-3.31.0.jar;C:\WINDOWS\system32\config\systemprofile\.m2\repository\org\eclipse\platform\org.eclipse.core.commands\3.11.100\org.eclipse.core.commands-3.11.100.jar;C:\WINDOWS\system32\config\systemprofile\.m2\repository\org\eclipse\platform\org.eclipse.ui.workbench\3.130.0\org.eclipse.ui.workbench-3.130.0.jar;C:\WINDOWS\system32\config\systemprofile\.m2\repository\org\eclipse\platform\org.eclipse.help\3.10.100\org.eclipse.help-3.10.100.jar;C:\WINDOWS\system32\config\systemprofile\.m2\repository\org\eclipse\platform\org.eclipse.jface.databinding\1.15.100\org.eclipse.jface.databinding-1.15.100.jar;C:\WINDOWS\system32\config\systemprofile\.m2\repository\org\eclipse\platform\org.eclipse.core.databinding\1.13.100\org.eclipse.core.databinding-1.13.100.jar;C:\WINDOWS\system32\config\systemprofile\.m2\repository\org\eclipse\platform\org.eclipse.core.databinding.property\1.10.100\org.eclipse.core.databinding.property-1.10.100.jar;C:\WINDOWS\system32\config\systemprofile\.m2\repository\org\eclipse\platform\org.eclipse.core.databinding.observable\1.13.100\org.eclipse.core.databinding.observable-1.13.100.jar;C:\WINDOWS\system32\config\systemprofile\.m2\repository\org\eclipse\platform\org.eclipse.e4.core.services\2.4.100\org.eclipse.e4.core.services-2.4.100.jar;C:\WINDOWS\system32\config\systemprofile\.m2\repository\org\eclipse\platform\org.eclipse.e4.core.contexts\1.12.100\org.eclipse.e4.core.contexts-1.12.100.jar;C:\WINDOWS\system32\config\systemprofile\.m2\repository\org\eclipse\platform\org.eclipse.e4.core.di\1.9.100\org.eclipse.e4.core.di-1.9.100.jar;C:\WINDOWS\system32\config\systemprofile\.m2\repository\org\eclipse\platform\org.eclipse.e4.core.di.annotations\1.8.100\org.eclipse.e4.core.di.annotations-1.8.100.jar;C:\WINDOWS\system32\config\systemprofile\.m2\repository\org\eclipse\platform\org.eclipse.e4.ui.workbench.swt\0.17.100\org.eclipse.e4.ui.workbench.swt-0.17.100.jar;C:\WINDOWS\system32\config\systemprofile\.m2\repository\org\eclipse\platform\org.eclipse.e4.ui.dialogs\1.4.100\org.eclipse.e4.ui.dialogs-1.4.100.jar;C:\WINDOWS\system32\config\systemprofile\.m2\repository\org\eclipse\platform\org.eclipse.e4.ui.css.core\0.14.100\org.eclipse.e4.ui.css.core-0.14.100.jar;C:\WINDOWS\system32\config\systemprofile\.m2\repository\org\apache\xmlgraphics\batik-css\1.16\batik-css-1.16.jar;C:\WINDOWS\system32\config\systemprofile\.m2\repository\org\apache\xmlgraphics\batik-shared-resources\1.16\batik-shared-resources-1.16.jar;C:\WINDOWS\system32\config\systemprofile\.m2\repository\org\apache\xmlgraphics\batik-util\1.16\batik-util-1.16.jar;C:\WINDOWS\system32\config\systemprofile\.m2\repository\org\apache\xmlgraphics\batik-constants\1.16\batik-constants-1.16.jar;C:\WINDOWS\system32\config\systemprofile\.m2\repository\org\apache\xmlgraphics\batik-i18n\1.16\batik-i18n-1.16.jar;C:\WINDOWS\system32\config\systemprofile\.m2\repository\org\apache\xmlgraphics\xmlgraphics-commons\2.7\xmlgraphics-commons-2.7.jar;C:\WINDOWS\system32\config\systemprofile\.m2\repository\commons-logging\commons-logging\1.0.4\commons-logging-1.0.4.jar;C:\WINDOWS\system32\config\systemprofile\.m2\repository\xml-apis\xml-apis-ext\1.3.04\xml-apis-ext-1.3.04.jar;C:\WINDOWS\system32\config\systemprofile\.m2\repository\org\eclipse\platform\org.eclipse.e4.ui.widgets\1.4.0\org.eclipse.e4.ui.widgets-1.4.0.jar;C:\WINDOWS\system32\config\systemprofile\.m2\repository\org\eclipse\platform\org.eclipse.urischeme\1.3.100\org.eclipse.urischeme-1.3.100.jar;C:\WINDOWS\system32\config\systemprofile\.m2\repository\net\java\dev\jna\jna\5.13.0\jna-5.13.0.jar;C:\WINDOWS\system32\config\systemprofile\.m2\repository\net\java\dev\jna\jna-platform\5.13.0\jna-platform-5.13.0.jar;C:\WINDOWS\system32\config\systemprofile\.m2\repository\org\eclipse\platform\org.eclipse.e4.ui.di\1.5.100\org.eclipse.e4.ui.di-1.5.100.jar;C:\WINDOWS\system32\config\systemprofile\.m2\repository\org\eclipse\platform\org.eclipse.e4.core.di.extensions.supplier\0.17.100\org.eclipse.e4.core.di.extensions.supplier-0.17.100.jar;C:\WINDOWS\system32\config\systemprofile\.m2\repository\org\eclipse\platform\org.eclipse.e4.ui.model.workbench\2.4.100\org.eclipse.e4.ui.model.workbench-2.4.100.jar;C:\WINDOWS\system32\config\systemprofile\.m2\repository\org\eclipse\emf\org.eclipse.emf.ecore\2.35.0\org.eclipse.emf.ecore-2.35.0.jar;C:\WINDOWS\system32\config\systemprofile\.m2\repository\org\eclipse\emf\org.eclipse.emf.common\2.29.0\org.eclipse.emf.common-2.29.0.jar;C:\WINDOWS\system32\config\systemprofile\.m2\repository\org\eclipse\platform\org.eclipse.e4.emf.xpath\0.4.100\org.eclipse.e4.emf.xpath-0.4.100.jar;C:\WINDOWS\system32\config\systemprofile\.m2\repository\commons-jxpath\commons-jxpath\1.3\commons-jxpath-1.3.jar;C:\WINDOWS\system32\config\systemprofile\.m2\repository\org\eclipse\platform\org.eclipse.e4.ui.css.swt.theme\0.14.100\org.eclipse.e4.ui.css.swt.theme-0.14.100.jar;C:\WINDOWS\system32\config\systemprofile\.m2\repository\org\eclipse\birt\runtime\org.w3c.css.sac\1.3.1.v200903091627\org.w3c.css.sac-1.3.1.v200903091627.jar;C:\WINDOWS\system32\config\systemprofile\.m2\repository\org\eclipse\platform\org.eclipse.e4.ui.bindings\0.14.100\org.eclipse.e4.ui.bindings-0.14.100.jar;C:\WINDOWS\system32\config\systemprofile\.m2\repository\org\eclipse\platform\org.eclipse.e4.ui.css.swt\0.15.100\org.eclipse.e4.ui.css.swt-0.15.100.jar;C:\WINDOWS\system32\config\systemprofile\.m2\repository\org\eclipse\platform\org.eclipse.e4.ui.workbench3\0.17.100\org.eclipse.e4.ui.workbench3-0.17.100.jar;C:\WINDOWS\system32\config\systemprofile\.m2\repository\org\eclipse\platform\org.eclipse.e4.ui.workbench.addons.swt\1.5.100\org.eclipse.e4.ui.workbench.addons.swt-1.5.100.jar;C:\WINDOWS\system32\config\systemprofile\.m2\repository\org\eclipse\platform\org.eclipse.e4.ui.services\1.6.100\org.eclipse.e4.ui.services-1.6.100.jar;C:\WINDOWS\system32\config\systemprofile\.m2\repository\org\eclipse\emf\org.eclipse.emf.ecore.xmi\2.35.0\org.eclipse.emf.ecore.xmi-2.35.0.jar;C:\WINDOWS\system32\config\systemprofile\.m2\repository\org\eclipse\platform\org.eclipse.e4.core.di.extensions\0.18.0\org.eclipse.e4.core.di.extensions-0.18.0.jar;C:\WINDOWS\system32\config\systemprofile\.m2\repository\com\ibm\icu\icu4j\73.2\icu4j-73.2.jar;C:\WINDOWS\system32\config\systemprofile\.m2\repository\jakarta\annotation\jakarta.annotation-api\1.3.5\jakarta.annotation-api-1.3.5.jar;C:\WINDOWS\system32\config\systemprofile\.m2\repository\jakarta\inject\jakarta.inject-api\1.0.5\jakarta.inject-api-1.0.5.jar;C:\WINDOWS\system32\config\systemprofile\.m2\repository\org\eclipse\platform\org.eclipse.e4.core.commands\1.1.100\org.eclipse.e4.core.commands-1.1.100.jar;C:\WINDOWS\system32\config\systemprofile\.m2\repository\org\eclipse\platform\org.eclipse.e4.ui.workbench\1.15.100\org.eclipse.e4.ui.workbench-1.15.100.jar;C:\WINDOWS\system32\config\systemprofile\.m2\repository\org\eclipse\emf\org.eclipse.emf.ecore.change\2.15.0\org.eclipse.emf.ecore.change-2.15.0.jar;C:\WINDOWS\system32\config\systemprofile\.m2\repository\org\eclipse\platform\org.eclipse.e4.ui.workbench.renderers.swt\0.16.100\org.eclipse.e4.ui.workbench.renderers.swt-0.16.100.jar;C:\WINDOWS\system32\config\systemprofile\.m2\repository\org\osgi\org.osgi.service.event\1.4.1\org.osgi.service.event-1.4.1.jar;C:\WINDOWS\system32\config\systemprofile\.m2\repository\org\osgi\org.osgi.namespace.implementation\1.0.0\org.osgi.namespace.implementation-1.0.0.jar;C:\WINDOWS\system32\config\systemprofile\.m2\repository\org\eclipse\platform\org.eclipse.core.expressions\3.9.100\org.eclipse.core.expressions-3.9.100.jar;C:\WINDOWS\system32\config\systemprofile\.m2\repository\org\apache\maven\plugins\maven-compiler-plugin\3.11.0\maven-compiler-plugin-3.11.0.jar;C:\WINDOWS\system32\config\systemprofile\.m2\repository\org\apache\maven\shared\maven-shared-utils\3.3.4\maven-shared-utils-3.3.4.jar;C:\WINDOWS\system32\config\systemprofile\.m2\repository\commons-io\commons-io\2.6\commons-io-2.6.jar;C:\WINDOWS\system32\config\systemprofile\.m2\repository\org\apache\maven\shared\maven-shared-incremental\1.1\maven-shared-incremental-1.1.jar;C:\WINDOWS\system32\config\systemprofile\.m2\repository\org\codehaus\plexus\plexus-component-annotations\1.5.5\plexus-component-annotations-1.5.5.jar;C:\WINDOWS\system32\config\systemprofile\.m2\repository\org\codehaus\plexus\plexus-java\1.1.2\plexus-java-1.1.2.jar;C:\WINDOWS\system32\config\systemprofile\.m2\repository\org\ow2\asm\asm\9.4\asm-9.4.jar;C:\WINDOWS\system32\config\systemprofile\.m2\repository\com\thoughtworks\qdox\qdox\2.0.3\qdox-2.0.3.jar;C:\WINDOWS\system32\config\systemprofile\.m2\repository\org\codehaus\plexus\plexus-compiler-api\2.13.0\plexus-compiler-api-2.13.0.jar;C:\WINDOWS\system32\config\systemprofile\.m2\repository\org\codehaus\plexus\plexus-utils\3.4.2\plexus-utils-3.4.2.jar;C:\WINDOWS\system32\config\systemprofile\.m2\repository\org\codehaus\plexus\plexus-compiler-manager\2.13.0\plexus-compiler-manager-2.13.0.jar;C:\WINDOWS\system32\config\systemprofile\.m2\repository\org\codehaus\plexus\plexus-compiler-javac\2.13.0\plexus-compiler-javac-2.13.0.jar;"/>
    <property name="sun.cpu.endian" value="little"/>
    <property name="user.home" value="C:\WINDOWS\system32\config\systemprofile"/>
    <property name="user.language" value="en"/>
    <property name="java.specification.vendor" value="Oracle Corporation"/>
    <property name="java.version.date" value="2023-07-18"/>
    <property name="java.home" value="C:\Program Files\Java\jdk-11"/>
    <property name="file.separator" value="\"/>
    <property name="basedir" value="C:\Users\Vallabhi Rana\eclipse-workspace\MU_Site1"/>
    <property name="java.vm.compressedOopsMode" value="32-bit"/>
    <property name="line.separator" value="&#10;"/>
    <property name="java.specification.name" value="Java Platform API Specification"/>
    <property name="java.vm.specification.vendor" value="Oracle Corporation"/>
    <property name="java.awt.graphicsenv" value="sun.awt.Win32GraphicsEnvironment"/>
    <property name="surefire.real.class.path" value="C:\Windows\Temp\surefire6431540989368938029\surefirebooter-20231015004651721_3.jar"/>
    <property name="user.script" value=""/>
    <property name="sun.management.compiler" value="HotSpot 64-Bit Tiered Compilers"/>
    <property name="java.runtime.version" value="11.0.20+9-LTS-256"/>
    <property name="user.name" value="MENANCE$"/>
    <property name="path.separator" value=";"/>
    <property name="os.version" value="10.0"/>
    <property name="java.runtime.name" value="Java(TM) SE Runtime Environment"/>
    <property name="file.encoding" value="Cp1252"/>
    <property name="java.vm.name" value="Java HotSpot(TM) 64-Bit Server VM"/>
    <property name="java.vendor.version" value="18.9"/>
    <property name="localRepository" value="C:\WINDOWS\system32\config\systemprofile\.m2\repository"/>
    <property name="java.vendor.url.bug" value="https://bugreport.java.com/bugreport/"/>
    <property name="java.io.tmpdir" value="C:\WINDOWS\TEMP\"/>
    <property name="java.version" value="11.0.20"/>
    <property name="user.dir" value="C:\Users\Vallabhi Rana\eclipse-workspace\MU_Site1"/>
    <property name="os.arch" value="amd64"/>
    <property name="java.vm.specification.name" value="Java Virtual Machine Specification"/>
    <property name="java.awt.printerjob" value="sun.awt.windows.WPrinterJob"/>
    <property name="sun.os.patch.level" value=""/>
    <property name="java.library.path" value="C:\Program Files\Java\jdk-11\bin;C:\WINDOWS\Sun\Java\bin;C:\WINDOWS\system32;C:\WINDOWS;C:\ProgramData\Jenkins\.jenkins\tools\hudson.tasks.Maven_MavenInstallation\MAVEN_HOME/bin;C:\Program Files\Java\jdk-11/bin;C:\Program Files\Java\jdk-11/bin;C:\Program Files\Common Files\Oracle\Java\javapath;C:\WINDOWS\system32;C:\WINDOWS;C:\WINDOWS\System32\Wbem;C:\WINDOWS\System32\WindowsPowerShell\v1.0\;C:\WINDOWS\System32\OpenSSH\;C:\Program Files (x86)\HP\Common\HPDestPlgIn\;C:\Program Files (x86)\HP\IdrsOCR_15.3.1129.0\;C:\Program Files\Java\jdk-11\bin;C:\Program Files\Java\jdk-11\bin;C:\Program Files\Git\cmd;C:\Users\Vallabhi Rana\apache-maven-3.9.4-bin\apache-maven-3.9.4\bin;C:\WINDOWS\system32\config\systemprofile\AppData\Local\Microsoft\WindowsApps;."/>
    <property name="java.vendor" value="Oracle Corporation"/>
    <property name="java.vm.info" value="mixed mode"/>
    <property name="java.vm.version" value="11.0.20+9-LTS-256"/>
    <property name="java.specification.maintenance.version" value="2"/>
    <property name="sun.io.unicode.encoding" value="UnicodeLittle"/>
    <property name="java.class.version" value="55.0"/>
  </properties>
  <testcase name="test8" classname="MU_Site1.MU_Site1.MULogin" time="90.193">
    <system-out><![CDATA[Login By Facebook
Subchield:DAD61DFD131B3283774C052FE7C38C52
]]></system-out>
    <system-err><![CDATA[SLF4J: Failed to load class "org.slf4j.impl.StaticLoggerBinder".
SLF4J: Defaulting to no-operation (NOP) logger implementation
SLF4J: See http://www.slf4j.org/codes.html#StaticLoggerBinder for further details.
Oct 15, 2023 12:47:04 AM org.openqa.selenium.devtools.CdpVersionFinder findNearestMatch
WARNING: Unable to find CDP implementation matching 118
Oct 15, 2023 12:47:04 AM org.openqa.selenium.chromium.ChromiumDriver lambda$new$5
WARNING: Unable to find version of CDP to use for 118.0.5993.70. You may need to include a dependency on a specific version of the CDP using something similar to `org.seleniumhq.selenium:selenium-devtools-v86:4.13.0` where the version ("v86") matches the version of the chromium-based browser you're using and the version number of the artifact is the same as Selenium's.
]]></system-err>
  </testcase>
  <testcase name="test9" classname="MU_Site1.MU_Site1.MULogin" time="19.36">
    <system-out><![CDATA[Login through Google ID
Chield window:11902F63EAEB8B52E88EC15340DA8F87
]]></system-out>
  </testcase>
</testsuite>