<?xml version="1.0" encoding="UTF-8"?>
<!-- Generated by org.testng.reporters.JUnitReportReporter -->
<testsuite hostname="MENANCE" failures="0" tests="1" name="MU_Site1.MU_Site1.NewTest" time="0.007" errors="0" timestamp="2023-08-28T01:45:52 IST" skipped="0">
  <testcase classname="MU_Site1.MU_Site1.NewTest" name="test1" time="0.007"/>
</testsuite> <!-- MU_Site1.MU_Site1.NewTest -->
