<?xml version="1.0" encoding="UTF-8"?>
<!-- Generated by org.testng.reporters.JUnitReportReporter -->
<testsuite hostname="MENANCE" failures="0" tests="16" name="MU_Site1.MU_Site1.MUHome" time="185.108" errors="0" timestamp="2023-10-11T03:22:27 IST" skipped="0">
  <testcase classname="MU_Site1.MU_Site1.MUHome" name="Test15" time="13.217"/>
  <testcase classname="MU_Site1.MU_Site1.MUHome" name="Test10" time="26.402"/>
  <testcase classname="MU_Site1.MU_Site1.MUHome" name="Test8" time="2.401"/>
  <testcase classname="MU_Site1.MU_Site1.MUHome" name="Test1" time="5.595"/>
  <testcase classname="MU_Site1.MU_Site1.MUHome" name="Test7" time="18.310"/>
  <testcase classname="MU_Site1.MU_Site1.MUHome" name="Test4" time="5.513"/>
  <testcase classname="MU_Site1.MU_Site1.MUHome" name="Test12" time="0.987"/>
  <testcase classname="MU_Site1.MU_Site1.MUHome" name="Test11" time="24.048"/>
  <testcase classname="MU_Site1.MU_Site1.MUHome" name="Test2" time="8.480"/>
  <testcase classname="MU_Site1.MU_Site1.MUHome" name="Test14" time="2.527"/>
  <testcase classname="MU_Site1.MU_Site1.MUHome" name="Test16" time="5.295"/>
  <testcase classname="MU_Site1.MU_Site1.MUHome" name="Test5" time="33.089"/>
  <testcase classname="MU_Site1.MU_Site1.MUHome" name="Test9" time="5.173"/>
  <testcase classname="MU_Site1.MU_Site1.MUHome" name="Test3" time="6.948"/>
  <testcase classname="MU_Site1.MU_Site1.MUHome" name="Test6" time="5.346"/>
  <testcase classname="MU_Site1.MU_Site1.MUHome" name="Test13" time="21.777"/>
</testsuite> <!-- MU_Site1.MU_Site1.MUHome -->
