<?xml version="1.0" encoding="UTF-8"?>
<!-- Generated by org.testng.reporters.JUnitReportReporter -->
<testsuite hostname="MENANCE" failures="0" tests="2" name="MU_Site1.MU_Site1.MULogin" time="109.565" errors="0" timestamp="14 Oct 2023 19:18:54 GMT">
  <testcase classname="MU_Site1.MU_Site1.MULogin" name="test9" time="19.372"/>
  <testcase classname="MU_Site1.MU_Site1.MULogin" name="test8" time="90.193"/>
</testsuite> <!-- MU_Site1.MU_Site1.MULogin -->
